[    0.000000]nializing rop subsys cpuset
[    0.000000Inializinggrup subsys cpu
[    0.000000Inializinggroup bs cpuacct
[  0.00] Linux veion 4.112-generi(buid@w01-amd601) (gcc version 5.4.0 20160609 (Ubuu 4.0-6ubunt~16..5) #135-Ubuu SMFrJan 19 11:48:36 C 18 (Ubuntu 4.4.0-112.135-generic 4.4.98)
[    0.000000] Command line: BOOT_IMAGE=/boot/vmlinuz-4.4.0-112-generic root=LABEL=cloudimg-rootfs ro console=tty1 console=ttyS0
[  0000000KENEL supported cpus:
[  0.00000]   Intel Guinete
[  0.0000]   AMD AuthtiMD
[  000000]   Centaur CentaurHauls   0.000 x86puxsta_oset[: 76, xstate_sizes[2]:25
[    0.000000] x86/fpu: Supporting XSAVE feature 0x01: 'x87 floating point rests'
[    0.000000]86pu: Suorng XSAVE fatre 02:SSE giers'
[  0000000] x8/fpuSuorti XVE feature 0x04:AV regte'
[  000000] x8fpu:naed xstatfetures 0x7, context size is 832yt, usin 'anar fmat.
[  00000 x/fpu: Usg la' U context itch.[   .0000]82 BIOS-provided physical RA mp:
[  00000 BS-e820: [mem 0x000000000000-000000000009fbff] sae[    0.00000] BIOS-e0: [mem 0x000000000009fc00-0x000000000009ffff]esved
[    0.000000] OS820: [mem 0x00000000f0000-000000000fffff] reserved
[    0.000000] OSe820[m 0x0000000000100000-0000003ffeffff] sable
[    0.000000] BIOS-e820: [mem 0x000003ff000x00003fffffff] ACPI dat
[  0.0000BIOS82 [mem 0x00000000fec000x0000000ec0fff] reserved
[    0.000000] BIOS-e80:mem 000000e000-0x00000000fee00fff] reserved
[    0000] BIOS-e820: [mem 0x00000000ff00-0x000000fffffff] reserved
[    0.0000]X (Executeisable) protection: active
[    0.000000] SMBIOS 2.5 present.
[    0.000000] Hypervisor detected: KVM
[    0.000000] e820: last_pfn = 0x3fff0 max_arch_pfn = 0x400000000
[    0.000000] MTRR: Disabled
[   000000] x8PAT:TR disabled, sipping PAT initialization too.
[    0.000000] CPU MTRRs all an- viuazed st.
[    0.0000x8PAT: Confirati [7]: WB  WTUC-     WT  UC-   
[  000000] fndSMP MP-table at [mem 0x0009fff0-0x0009ffff] mapped at [ffff88000009fff0]
[  0.00000 Snnin1 eas for low memory corruption
[  0.0000] RAMDISK: [mem 0x36acc000-0x3755dfff]
[  00000 AI: Ear tle cckm vericaon disabled
[    0.000000] ACP RP 0x0000000000E0000 000024 (v02 VBOX  )
[    0.000000] ACPI: XSDT 0x00003FFF00 003Cv0VBOX   VXXDT 00000001 ASL  00000061)
[  000000] AI:FACP 0x000000003FFF00F0 00F (v04 VBOX   VBOXFACP 0000001 ASL  00000061)
[    0000000] ACPI: DSDT 0x000000003FFF0470 0021FF (v02 VBOX   VBOXBIOS 00000002 INTL 20160108)
[    0.000000] ACPI: FACS 0x000000003FFF0200 000040
[    0.000000] ACPI: FACS 0x000000003FFF0200 000040
[    0.000000] ACPI: APIC 0x000000003FFF0240 00005C (v02 VBOX   VBOXAPIC 00000001 ASL  00000061)
[    0.000000] ACPI: SSDT 0x000000003FFF02A0 0001CC (v01 VBOX   VBOXCPUT 00000002 INTL 20160108)
[    0.000000] No NUMA configuration found
[    0.000000] Faking a node at [mem 0x0000000000000000-0x000000003ffeffff]
[    0.000000] NODE_DATA(0) allocated [mem 0x3ffeb000-0x3ffeffff]
[    0.000000] kvm-clock: Using msrs 4b564d01 and 4b564d00
[    0.000000] kvm-clock: cpu 0, msr 0:3ffe01, primary cpu clk
[  0.0000] kvm-clock: usi shed offset of 3339187251 cycles
[    0.000000] clocksource: kvm-clock: mask: 0xffffffffffffff x_cycles0xcd42e4dffb, max_idle_ns: 8815905913 
[    00000] Zone ranges:
[    0.000000]   DMA      [m 0000000000001000-0x0000000000ffff
[    0.000000]   DMA32    [mem 0x0000000001000000-0x000000003ffeffff]
[    0.000000]   Normal   empty
[    0.000000]   Device   empty
[  0.000 Movable zone start for ach node
[    0.000000] Ear mory node ranes
[    0.000000]   nde 0 [m 0000000000000-00000009ff]   0.000   ne 0: [mem 0x000000001000-0x000003ffeffff]
[    0.000000] Initmem setup de0 [mem 000000000000x000000003ffeffff
[  0.0000ACPI: PM-Ter IPo: 0x08
[  0.0000IOIC[0]: apic_id 2, rsn 32, address 0xc000, GSI 0-23
[    0.000 ACPI: I_SC_OVR (bus 0 bus_irq 0 global_irq 2 dfl dfl)
[    0.000000] ACPI: I_SRC_OVR (bus 0 bus_q global_irq 9 low levl)[    0.000000] UsingCP(MADT) f SP configuration information
[    0.000000] smpboot: Allowing  CPU 0otplugPU
[    0.000000] PM: Registered nosave meory: [mem 0x000000x00000fff]
[    0.000000] PM: Registered nosave memory: [mem 0x0009f000-0x0009ffff]
[   0.000000PM: giered nosave mmory: [mem 0x000a0000-0x000effff]
[    0.000] M: Rggteed nosave memory: [mem 0x000f0000-0x000fffff]
[    0.000000] e820: [mem 0x4000-0xfebfffff] available for PCI devices
[    0.000000] Booting paravirtuazed keeln KVM
[    0.000000] clocksour: fined-jiffies: mask: 0ffffffaxycle 0xfffffff m_idlns7645519600211568s[   .00000] setup_percpu: NR_CPUS:512 nr_cpumask_bits:512 nr_cpu_ids:2 nr_nodeids:1
[  0.000000] PERCPU: Embedded 34 pages/cpu @ffff88003fc00000 s99544 r8192 d31528 u1048576
[    0.000000] PV qspinlock hash table entries: 256 (order: 0, 4096 bytes)
[    0.000000] Built 1 zonelists in Node order, mobility grouping on.  Total pages: 257913
[    0.000000] Policy zone: DMA32
[    0.000000] Kernel command line: BOOT_IMAGE=/boot/vmlinuz-4.4.0-112-generic root=LABEL=cloudimg-rootfs ro console=tty1 console=ttyS0
[    0.000000] PID hash table entries: 4096 (order: 3, 32768 bytes)
[    0.000000] Memory: 1001708K/1048120K available (8499K kernel code, 1309K rwdata, 3988K rodata, 1508K init, 1316K bss, 46412K reserved, 0K cma-reserved)
[    0.000000] SLUB: HWalign=64, Order=0-3, MinObjects=0, CPUs=2, Nodes=1
[    0.000000] Kernel/User page tables isolation: enabled
[    0.000000] Hierarchical RCU implementation.
[    0.000000] 	Build-time adjustment of leaf fanout to 64.
[    0.000000] 	RCU restricting CPUs from NR_CPUS=512 to nr_cpu_ids=2.
[    0.000000] RCU: Adjusting geometry for rcu_fanout_leaf=64, nr_cpu_ids=2
[    0.000000] NR_IRQS:33024 nr_irqs:440 16
[    0.000000] Console: colour VGA+ 80x25
[    0.000000] console [tty1] enabled
[    0.000000] console [ttyS0] nabled
[    0.000000] tsc: Detected 2303.998 MHz processor
[   19.330813] Calibrating delay loop (skipped) preset value.. 4607.99 BogoMIPS (lpj=9215992)
[   19.372280] pid_max: default: 32768 minimum: 301
[   19.459202] ACPI: Core revision 20150930
[   19.522735] ACPI: 2 ACPI AML tables successfully acquired and loaded
[   19.556214] Security Framework initialized
[   19.633976] Yama: becoming mindful.
[   19.705835] AppArmor: AppArmor initialized
[   19.821834] Dentry cache hash table entries: 131072 (order: 8, 1048576 bytes)
[   20.017313] Inode-cache hash table entries: 65536 (order: 7, 524288 bytes)
[   20.219877] Mount-cache hash table entries: 2048 (order: 2, 16384 bytes)
[   20.325847] Mountpoint-cache hash table entries: 2048 (order: 2, 16384 bytes)
[   20.454994] Initializing cgroup subsys io
[   20.564083] Initializing cgroup subsys memory
[   20.684669] Initializing cgroup subsys devices
[   20.814784] Initializing cgroup subsys freezer
[   20.936093] Initializing cgroup subsys net_cls
[   21.065928] Initializing cgroup subsys perf_event
[   21.200586] Initializing cgroup subsys net_prio
[   21.324175] Initializing cgroup subsys hugetlb
[   21.440795] Initializing cgroup subsys pids
[   21.530827] CPU: Physical Processor ID: 0
[   21.636336] CPU: Processor Core ID: 0
[   21.744632] FEATURE SPEC_CTRL Not Present
[   21.852635] mce: CPU supports 0 MCE banks
[   21.956505] Last level iTLB entries: 4KB 128, 2MB 8, 4MB 8
[   22.106699] Last level dTLB entries: 4KB 64, 2MB 0, 4MB 0, 1GB 4
[   22.277287] Freeing SMP alternatives memory: 32K
[   22.333453] ftrace: allocating 32180 entries in 126 pages
[   22.520313] smpboot: APIC(0) Converting physical 0 to logical package 0
[   22.720728] smpboot: Max logical packages: 1
[   22.822221] x2apic enabled
[   22.883388] Switched APIC routing to physical x2apic.
[   22.896186] ..TIMER: vector=0x30 apic1=0 pin1=2 apic2=-1 pin2=-1
[   23.153527] smpboot: CPU0: Intel(R) Core(TM) i5-6300HQ CPU @ 2.30GHz (family: 0x6, model: 0x5e, stepping: 0x3)
[   23.374472] Performance Events: unsupported p6 CPU model 94 no PMU driver, software events only.
[   23.432680] KVM setup paravirtual spinlock
[   23.462031] x86: Booting SMP configuration:
[   23.561174] .... node  #0, CPUs:      #1
[   23.641086] kvm-clock: cpu 1, msr 0:3ffe3041, secondary cpu clock
[   23.652816] mce: CPU supports 0 MCE banks
[   23.655737] x86: Booted up 1 node, 2 CPUs
[   23.659065] smpboot: Total of 2 processors activated (9215.99 BogoMIPS)
[   23.663162] devtmpfs: initialized
[   23.665181] evm: security.selinux
[   23.666699] evm: security.SMACK64
[   23.676678] evm: security.SMACK64EXEC
[   23.677578] evm: security.SMACK64TRANSMUTE
[   23.686000] evm: security.SMACK64MMAP
[   23.686687] evm: security.ima
[   23.687220] evm: security.capability
[   23.688268] clocksource: jiffies: mask: 0xffffffff max_cycles: 0xffffffff, max_idle_ns: 7645041785100000 ns
[   23.757790] futex hash table entries: 512 (order: 3, 32768 bytes)
[   23.843594] pinctrl core: initialized pinctrl subsystem
[   23.949384] RTC time: 23:09:15, date: 02/15/18
[   23.990715] NET: Registered protocol family 16
[   24.014044] cpuidle: using governor ladder
[   24.110474] cpuidle: using governor menu
[   24.189097] PCCT header not found.
[   24.238155] ACPI: bus type PCI registered
[   24.357867] acpiphp: ACPI Hot Plug PCI Controller Driver version: 0.5
[   24.550933] PCI: Using configuration type 1 for base access
[   24.715026] ACPI: Added _OSI(Module Device)
[   24.739273] ACPI: Added _OSI(Processor Device)
[   24.740156] ACPI: Added _OSI(3.0 _SCP Extensions)
[   24.741048] ACPI: Added _OSI(Processor Aggregator Device)
[   24.742701] ACPI: Executed 1 blocks of module-level executable AML code
[   24.746073] ACPI: Interpreter enabled
[   24.851798] ACPI: (supports S0 S5)
[   24.964282] ACPI: Using IOAPIC for interrupt routing
[   25.112226] PCI: Using host bridge windows from ACPI; if necessary, use "pci=nocrs" and report a bug
[   25.402502] ACPI: PCI Root Bridge [PCI0] (domain 0000 [bus 00-ff])
[   25.587379] acpi PNP0A03:00: _OSC: OS supports [ASPM ClockPM Segments MSI]
[   25.787417] acpi PNP0A03:00: _OSC: not requesting OS control; OS requires [ExtendedConfig ASPM ClockPM MSI]
[   26.052635] acpi PNP0A03:00: fail to add MMCONFIG information, can't access extended PCI configuration space under this bridge.
[   26.411060] PCI host bridge to bus 0000:00
[   26.533275] pci_bus 0000:00: root bus resource [io  0x0000-0x0cf7 window]
[   26.735235] pci_bus 0000:00: root bus resource [io  0x0d00-0xffff window]
[   26.868118] pci_bus 0000:00: root bus resource [mem 0x000a0000-0x000bffff window]
[   26.887701] pci_bus 0000:00: root bus resource [mem 0x40000000-0xfdffffff window]
[   26.889136] pci_bus 0000:00: root bus resource [bus 00-ff]
[   26.891444] pci 0000:00:01.1: legacy IDE quirk: reg 0x10: [io  0x01f0-0x01f7]
[   26.892711] pci 0000:00:01.1: legacy IDE quirk: reg 0x14: [io  0x03f6]
[   27.088941] pci 0000:00:01.1: legacy IDE quirk: reg 0x18: [io  0x0170-0x0177]
[   27.256866] pci 0000:00:01.1: legacy IDE quirk: reg 0x1c: [io  0x0376]
[   27.347746] pci 0000:00:07.0: quirk: [io  0x4000-0x403f] claimed by PIIX4 ACPI
[   27.573182] pci 0000:00:07.0: quirk: [io  0x4100-0x410f] claimed by PIIX4 SMB
[   27.794715] ACPI: PCI Interrupt Link [LNKA] (IRQs 5 9 10 *11)
[   27.828256] ACPI: PCI Interrupt Link [LNKB] (IRQs 5 9 *10 11)
[   27.829745] ACPI: PCI Interrupt Link [LNKC] (IRQs 5 *9 10 11)
[   27.831171] ACPI: PCI Interrupt Link [LNKD] (IRQs 5 9 10 *11)
[   27.832645] ACPI: Enabled 2 GPEs in block 00 to 07
[   27.834117] vgaarb: setting as boot device: PCI:0000:00:02.0
[   27.835113] vgaarb: device added: PCI:0000:00:02.0,decodes=io+mem,owns=io+mem,locks=none
[   27.836740] vgaarb: loaded
[   27.837409] vgaarb: bridge control possible 0000:00:02.0
[   27.838539] SCSI subsystem initialized
[   27.839478] ACPI: bus type USB registered
[   27.840315] usbcore: registered new interface driver usbfs
[   27.841347] usbcore: registered new interface driver hub
[   27.842208] usbcore: registered new device driver usb
[   27.843918] PCI: Using ACPI for IRQ routing
[   27.844931] NetLabel: Initializing
[   27.845615] NetLabel:  domain hash size = 128
[   27.846391] NetLabel:  protocols = UNLABELED CIPSOv4
[   27.847285] NetLabel:  unlabeled traffic allowed by default
[   27.959760] amd_nb: Cannot enumerate AMD northbridges
[   27.960851] clocksource: Switched to clocksource kvm-clock
[   27.967882] AppArmor: AppmoFisyemnaed[ 28691]npPn ACPI it[ 28515]npPnAC: un3 vis
[   29.295174] clocksource: acpi_pm: mask: 0xffffff max_cycles: 0xffffff, max_idle_ns: 2085701024 ns
[   30.131606] NET: Registered protocol family 2
[   30.581483] TCP established hash table nntries: 8192 (order: 4, 65536 bytes)
[   31.142638] TCP bind hash table entries: 8192 (order: 5, 131072 bytes)
[   31.791356] TCP: Hash tables configured (established 8192 bind 8192)
[   32.411394] UDP hash table entries: 512 (order: 2, 16384 bytes)
[   33.031400] UDP-Lite hash table entries: 512 (order: 2, 16384 bytes)
[   33.681490] NET: Registered protocol family 1
[   34.141364] pci 0000:00:00.0: Limiting direct PCI/PCI transfers
[   34.731428] pci 0000:00:01.0: Actvvating ISA DMA hang workarounds
[   35.351551] Unpacking initramfs...
[   37.154607] Freeing initrd memory: 10824K
[   37.551793] platform rtc_cmos: registered platform RTC device (no PNP device found)
[   37.582334] Scanning for low memory corruption every 60 seconds
[   37.583740] audit: initializing netlink subsys (disabled)
[   37.585332] audit: type=2000 audit(1518736145.797:1): initialized
[   77.587740] Initialise system trusted keyring
[   37.781935] HugeTLB registered 2 MB page size, pre-allocated 0 pages
[   38.452804] zbud: loaded
[   38.632209] tsc: Refined TSC clocksource calibration: 2308.093 MHz
[   39.005612] clocksource: tsc: mask: 0xffffffffffffffff max_cycles: 0x21451230475, max_idle_ns: 440795220541 ns
[   39.011353] VFS: Disk quotas dquot_6.6.0
[   39.011382] VFS: Dquot-cache hash table entries: 512 (order 0, 4096 bytes)
[   39.011591] squashfs: version 4.0 (2009/01/31) Phillip Lougher
[   39.405032] fuse init (API version 7.23)
[   39.405906] Key type big_key registered
[   39.406563] Allocating IMA MOK and blacklist keyrings.
[   39.408319] Key type asymmetric registered
[   39.470504] Asymmetric key parser 'x509' registered
[   39.608756] Block layer SCSI generic (bsg) driver version 0.4 loaded (major 249)
[   39.793709] io scheduler noop registered
[   39.907130] io scheduler deadline risre(dau)
[  4326697] io scheduler cfq registered
[   40.430613] pci_hotplug: PCI Hot Plug PCI Core version: 0.5
[   40.442598] pciehp: PCI Express Hot Plug Controller Driver version: 0.4
[   40.602753] ACPI: AC Adapter [AC] (on-line)
[   40.608813] input: Power Button as /devices/LNXSYSTM:00/LNXPWRBN:00/input/input0
[   40.610105] ACPI: Power Button [PWRF]
[   40.610788] input: Sleep Button as /devices/LNXSYSTM:00/LNXSLPBN:00/input/input1
[   40.612004] ACPI: Sleep Button [SLPF]
[   40.613451] ACPI: Battery Slot [BAT0] (battery present)
[   40.614278] GHES: HEST is n ebld!
[ 40072]erl:25160 iv, 2 ports, IRQ sharinenle

[ 41573194] 00:02 tS0t O x38 rq 4ba_bd 1100is 1550A
[   42.343846] Linux agpga iteacv003
[   42.656022] loop: modulloed
[   42.891622] scsi host0: ata_piix
[   43.012990] scsi host1: ata_piix
[ 439273] ata1: PATA max UDMA/33 cmd 0x1f0 ctl 0x3f6 bmdma 0xd000 irq 14
[   43.641723] ata2: PATA max UDMA/33 cmd 0x170 ctl 0x376 bmdma 0xd008 irq 15
[   43.9187]iby: Fixed MDIO Bus: probed
[   44.252776] tun: Universal TUN/TAP device driver, 1.6
[   44.481832] tun: (C) 1999-2004 Max Krasnyansky <maxk@qualcomm.com>
  4.28] P nec rir rsn 4.

[   45.302839] ehci_hcd: USB 2.0 'Enhanced' Host Controller (EHCI) Driver
   45.622872] ehci-pci: EHCI PCI platform driver
[   45.852812] ehci-platform: EHCI generic platform driver
[   46.092917] ohci_hcd: USB 1.1 'Open' Host Controller (OHCI) Driver
[  46.367060] ohci-pci: OHCI PCI platform driver
  46.592804] ohci-platform: OHCI generic platform driver
[   46.861772] uhci_hcd: USB Universal Host Controller Interface driver
[   47.183109] i8042: PNP: PS/2 Controller [PNP0303:PS2K,PNP0f03:PS2M] at 0x60,0x64 irq 1,12
  47.603518] serio: i8042 D rtt 60x6ir1
[   48.073599] serio: i8042 AUX port at 0x60,0x64 irq 12
[   48.287140] mousedev: PS/2 mouse device common for all mice
  8.6927] input: AT Translated Set kbod  /vis/atrm80/sioinpu/input2

[   49.355705] rtc_cmos rtc_cmos: rtc core: registered rtc_cmos as rtc0
[   49.356957] rtc_cmos rtc_cs:las  to one day, 114 bytes nvram
[   49.758305] i2c /dev entries driver
[   49.933047] device-mapper: uevent vsi 1.3
[   50.291459] device-mapper: ioctl: 4.34.0-ioctl (2015-10-28) initialised: dm-devel@redhat.com
[   50.542435] ledtrig-cpu: registered to indicate activity on CPUs
[   50.544498] NET: Registered protocol family 10
[   50.546357] NET: Registered protocol family 17
[   50.547974] Key type dns_resolver registered
[   50.549229] microcode: CPU0 sig=0x506e3, pf=0x2, revision=0x0
[   50.550201] microcode: CPU1 sig=0x506e3, pf=0x2, revision=0x0
[   50.551282] microcode: Microcode Update Driver: v2.01 <tigran@aivazian.fsnet.co.uk>, Peter Oruba
[   50.552954] registered taskstats version 1
[   50.553774] Loading compiled-in X.509 certificates
[   50.555235] Loaded X.509 cert 'Build time autogenerated kernel key: 4c603087bab8f0a02cb3b4e1fb4c40f507e71ef1'
[   50.556922] zswap: loaded using pool lzo/zbud
[   50.559902] Key type trusted registered
[   50.565132] Key type encrypted registered
[   50.811936] AppArmor: AppArmor sha1 policy hashing enabled
[   51.074076] ima: No TPM chip found, activating TPM-bypass!
[   51.252121] evm: HMAC attrs: 0x1
[   51.432152]   Magic number: 6:160:201
[   51.432983] rtc_cmos rtc_cmos: setting system clock to 2018-02-15 23:09:42 UTC (1518736182)
[   52.122671] BIOS EDD facility v0.16 2004-Jun-25, 0 devices found
[   52.594088] EDD information not available.
[   52.693214] Freeing unused kernel memory: 1508K
[   52.821893] Write protecting the kernel read-only data: 14336k
[   53.292635] Freeing unused kernel memory: 1728K
[   53.432160] Freeing unused kernel memory: 108K
Loading, please [   53.668128] random: systemd-udevd: uninitialized urandom read (16 bytes read, 9 bits of entropy available)
wait...
startin[   53.669106] random: udevadm: uninitialized urandom read (16 bytes read, 9 bits of entropy available)
g version 229
[   53.669139] random: udevadm: uninitialized urandom read (16 bytes read, 9 bits of entropy available)
[   53.681826] random: udevadm: uninitialized urandom read (16 bytes read, 9 bits of entropy available)
[   53.681882] random: udevadm: uninitialized urandom read (16 bytes read, 9 bits of entropy available)
[   53.682060] random: udevadm: uninitialized urandom read (16 bytes read, 9 bits of entropy available)
[   53.682136] random: udevadm: uninitialized urandom read (16 bytes read, 9 bits of entropy available)
[   53.682205] random: udevadm: uninitialized urandom read (16 bytes read, 9 bits of entropy available)
[   53.682276] random: udevadm: uninitialized urandom read (16 bytes read, 9 bits of entropy available)
[   53.682368] random: udevadm: uninitialized urandom read (16 bytes read, 9 bits of entropy available)
[   55.158305] e1000: Intel(R) PRO/1000 Network Driver - version 7.3.21-k8-NAPI
[   55.159861] e1000: Copyright (c) 1999-2006 Intel Corporation.
[   55.167035] Fusion MPT base driver 3.04.20
[   55.245282] Copyright (c) 1999-2008 LSI Corporation
[   55.464446] AVX2 version of gcm_enc/dec engaged.
[   55.579354] AES CTR mode by8 optimization enabled
[   55.754130] Fusion MPT SPI Host driver 3.04.20
[   55.813006] e1000 0000:00:03.0 eth0: (PCI:33MHz:32-bit) 02:66:2d:c5:e5:fb
[   55.813014] e1000 0000:00:03.0 eth0: Intel(R) PRO/1000 Network Connection
[   56.014404] e1000 0000:00:03.0 enp0s3: renamed from eth0
[   56.413282] mptbase: ioc0: Initiating bringup
[   57.215877] input: ImExPS/2 Generic Explorer Mouse as /devices/platform/i8042/serio1/input/input4
[   57.291772] ioc0: LSI53C1030 A0: Capabilities={Initiator}
[   57.653829] scsi host2: ioc0: LSI53C1030 A0, FwRev=00000000h, Ports=1, MaxQ=256, IRQ=20
[   57.792374] scsi 2:0:0:0: Direct-Access     VBOX     HARDDISK         1.0  PQ: 0 ANSI: 5
[   57.792380] scsi target2:0:0: Beginning Domain Validation
[   57.793262] scsi target2:0:0: Domain Validation skipping write tests
[   57.793263] scsi target2:0:0: Ending Domain Validation
[   57.793294] scsi target2:0:0: asynchronous
[   57.793567] scsi 2:0:1:0: Direct-Access     VBOX     HARDDISK         1.0  PQ: 0 ANSI: 5
[   57.793570] scsi target2:0:1: Beginning Domain Validation
[   57.794245] scsi target2:0:1: Domain Validation skipping write tests
[   57.794245] scsi target2:0:1: Ending Domain Validation
[   57.794275] scsi target2:0:1: asynchronous
[   57.802482] sd 2:0:0:0: [sda] 20971520 512-byte logical blocks: (10.7 GB/10.0 GiB)
[   57.802823] sd 2:0:0:0: [sda] Write Protect is off
[   57.802921] sd 2:0:0:0: [sda] Incomplete mode parameter data
[   57.802922] sd 2:0:0:0: [sda] Assuming drive cache: write through
[   57.911280] sd 2:0:0:0: Attached scsi generic sg0 type 0
[   57.911692] sd 2:0:1:0: Attached scsi generic sg1 type 0
[   57.912541] sd 2:0:1:0: [sdb] 20480 512-byte logical blocks: (10.5 MB/10.0 MiB)
[   57.912752] sd 2:0:1:0: [sdb] Write Protect is off
[   57.912833] sd 2:0:1:0: [sdb] Incomplete mode parameter data
[   57.912834] sd 2:0:1:0: [sdb] Assuming drive cache: write through
[   57.925708]  sda: sda1
[   57.927092] sd 2:0:0:0: [sda] Attached SCSI disk
[   57.949550] sd 2:0:1:0: [sdb] Attached SCSI disk
[   58.461742] floppy0: no floppy controllers found
Begin: Loading e[   62.709649] md: linear personality registered for level -1
ssential drivers ... [   62.886179] md: multipath personality registered for level -4
[   63.334958] md: raid0 personality registered for level 0
[   63.728577] md: raid1 personality registered for level 1
[   63.948910] raid6: sse2x1   gen()  9313 MB/s
[   64.181861] raid6: sse2x1   xor()  6847 MB/s
[   64.429017] raid6: sse2x2   gen() 10599 MB/s
[   64.564857] raid6: sse2x2   xor()  7029 MB/s
[   64.717408] raid6: sse2x4   gen() 11037 MB/s
[   64.971893] raid6: sse2x4   xor()  7780 MB/s
[   65.157772] raid6: avx2x1   gen() 17726 MB/s
[   65.358633] raid6: avx2x2   gen() 20779 MB/s
[   65.481842] raid6: avx2x4   gen() 23740 MB/s
[   65.605125] raid6: using algorithm avx2x4 gen() 23740 MB/s
[   65.795130] raid6: using avx2x2 recovery algorithm
[   66.003855] xor: automatically using best checksumming function:
[   66.188900]    avx       : 17538.000 MB/sec
[   66.287827] async_tx: api initialized (async)
[   66.322684] md: raid6 personality registered for level 6
[   66.465205] md: raid5 personality registered for level 5
[   66.676072] md: raid4 personality registered for level 4
[   66.747525] md: raid10 personality registered for level 10
done.
Begin: Running /scripts/init-premount ... done.
Begin: Mounting root file sys[   66.916398] Btrfs loaded
tem ... Begin: Running /scripts/local-top ... done.
Begin: Running /scripts/local-premount ... Scanning for Btrfs filesystems
done.
Warning: fsck not present, so skipping root file system
[   67.243381] EXT4-fs (sda1): mounted filesystem with ordered data mode. Opts: (null)
done.
Begin: Running /scripts/local-bottom ... done.
Begin: Running /scripts/init-bottom ... done.
[   67.863553] random: nonblocking pool is initialized
[   68.326418] systemd[1]: systemd 229 running in system mode. (+PAM +AUDIT +SELINUX +IMA +APPARMOR +SMACK +SYSVINIT +UTMP +LIBCRYPTSETUP +GCRYPT +GNUTLS +ACL +XZ -LZ4 +SECCOMP +BLKID +ELFUTILS +KMOD -IDN)
[   68.634664] systemd[1]: Detected virtualization oracle.
[   68.702777] systemd[1]: Detected architecture x86-64.

Welcome to [1mUbuntu 16.04.3 LTS[0m!

[  68.872233 ste[1 S htne  <buntu>.
[   69.38075]ysmd]:nitialzi mhi Ifrom ranm eneto
[   70.107936] systemd[1]: Installed transient /etc/machine-id file.
[ 717182sytemd[1]: Listening on /dev/initctl Compatibility Named Pipe.
[[0;32m  OK  [0m] Listening on /dev/initctl Compatibility Named Pipe.
[   71.302834] systemd[1]: Listening on udev Control Socket.
[[0;32m  OK  [0m] Listening on udev Control Socket.
[   71.337035] systemd[1]: Listening on LVM2 poll daemon socket.
[[0;32m  OK  [0m] Listening on LVM2 poll daemon socket.
[   71.339870] systemd[1]: Started Trigger resolvconf update for networkd DNS.
[[0;32m  OK  [0m] Started Trigger resolvconf update for networkd DNS.
[  7.343107] systemd[1]: Listening on udev Kernel Socket.
[[0;32m  OK  [0m] Listening on udev Kernel Socket.
[   71.438994] systemd[1]: Created slice User and Session Slice.
[[0;32m  OK  [0m] Created slice User and Session Slice.
[  71.611422] systemd[1]: Reached target Encrypted Volumes.
[[0;32m  OK  [0m] Reached target Encrypted Volumes.
[   71.704895] systemd[1]: Reached target User and Group Name Lookups.
[[0;32m  OK  [0m] Reached target User and Group Name Lookups.
[   71.707038] systemd[1]: Reached target Swap.
[[0;32m  OK  [0m] Reached target Swap.
[   71.708646] systemd[1]: Listening on Syslog Socke
[[0;32m  OK  [0m] Listening on Syslog Socket.
[   71.957221] systemd[1]: Started Forwardaswo Ruests to Wall irecory Wach

[[0;32m  OK  [0m] Started Forward Password Requests to Wall Directory Watch.
[   72.597501] systemd[1]: Set up automount Arbitrary Executable File Formats File System Automount Point.
[[0;32m  OK  [0m] Set up automount Arbitrary Executab...ats File System Automount Point.
[ 725397] std[: ead icSyte Sli.
[[0;32m  OK  [0m] Created slice System Slice.
[   73.445403] systemd[1]: Reached target Slices.
[[0;32m  OK  [0m] Reached target Slices.
[   73.643140] systemd[1]: Listening on Dvi-mpp eent damoFIs.
[[0;32m  OK  [0m] Listening on Device-mapper event daemon FIFOs.
[   74.177333] systemd[1]: Listening on Journal Socket.
[[0;32m  OK  [0m] Listening on Journal Socket.
[   74.232959] systemd[1]: Mounting Huge Pages File System...
         Mounting Huge Pages File System...
[   74.371311] systemd[1]: Mounting Debug File System...
         Mounting Debug File System...
[   74.417336] systemd[1]: Starting Uncomplicated firewall...
         Starting Uncomplicated firewall...
[   74.569435] systemd[1]: Starting Create list of required static device nodes for the current kernel...
         Starting Create list of required st... nodes for the current kernel...
[   74.596059] systemd[1]: Starting Load Kernel Modules...
         Starting Load Kernel Modules...
[   74.764494] Loading iSCSI transport class v2.0-870.
[   74.766100] systemd[1]: Mounting POSIX Message Queue File System...
         Mounting POSIX Message Queue Fil[   75.249781] iscsi: registered transport (tcp)
e System...
[   75.352635] systemd[1]: Starting Remount Root and Kernel File Systems...
         Starting Remount Root and Kernel[   75.409251] EXT4-fs (sda1): re-mounted. Opts: (null)
 File Systems...
[   75.453714] systemd[1]: Listening on LVM2 metadata daemon socket.
[[0;32m  OK  [0m] Listening on LVM2 metadata daemon socket.
[   75.468435] iscsi: registered transport (iser)
[   75.567156] systemd[1]: Starting Monitoring of LVM2 mirrors, snapshots etc. using dmeventd or progress polling...
         Starting Monitoring of LVM2 mirrors... dmeventd or progress polling...
[   75.588190] systemd[1]: Starting Nameserver information manager...
         Starting Nameserver information manager...
[   75.592269] systemd[1]: Listening on Journal Audit Socket.
[[0;32m  OK  [0m] Listening on Journal Audit Socket.
[   75.749277] systemd[1]: Starting Set console keymap...
         Starting Set console keymap...
[   75.934558] systemd[1]: Created slice system-serial\x2dgetty.slice.
[[0;32m  OK  [0m] Created slice system-serial\x2dgetty.slice.
[ 768286] systmd1]: Listening on Journal Socket (/dev/log).
[[0;32m  OK  [0m] Listening on Journal Socket (/dev/log).
[   76.549185] systemd[1]: Starting Journal Service...
         Starting Journal Service...
[   76.568261] systemd[1]: Mounted POSIX Message Queue File System.
[[0;32m  OK  [0m] Mounted POSIX Message Queue File System.
[   76.661461] systemd[1]: Mounted Debug File System.
[[0;32m  OK  [0m] Mounted Debug File System.
[   76.857622] systemd[1]: Mounted Huge Pages File System.
[[0;32m  OK  [0m] Mounted Huge Pages File System.
[ 77778] sted[1]: taedournalerice.
[[0;32m  OK  [0m] Started Journal Service.
[[0;32m  OK  [0m] Started Uncomplicated firewall.
[[0;32m  OK  [0m] Started Create list of required sta...ce nodes for the current kernel.
[[0;32m  OK  [0m] Started Load Kernel Modules.
[[0;32m  OK  [0m] Started Remount Root and Kernel File Systems.
[[0;32m  OK  [0m] Started Set console keymap.
[[0;32m  OK  [0m] Started Nameserver information manager.
[[0;32m  OK  [0m] Started LVM2 metadata daemon.
         Starting udev Coldplug all Devices...
         Starting Load/Save Random Seed...
         Starting Initial cloud-init job (pre-networking)...
         Mounting FUSE Control File System...
         Starting Apply Kernel Variables...
         Starting Create Static Device Nodes in /dev...
         Starting Flush Journal to Persistent Storage...
[[0;32m  OK  [0m] Mounted FUSE Control File System.
[[0;32m  OK  [0m] Started Monitoring of LVM2 mirrors,...ng dmeventd or progress polling.
[[0;32m  OK  [0m] Started Load/Save Random Seed.
[[0;32m  OK  [0m] Started Apply Kernel Variables.
[[0;32m  OK  [0m] Started Create Static Device Nodes in /dev.
[[0;32m  OK  [0m] Started udev Coldplug all Devices.
         Starting udev Kernel Device Manager...
[[0;32m  OK  [0m] Started Flush Journal to Persistent Storage.
[[0;32m  OK  [0m] Started udev Kernel Device Manager.
[[0;32m  OK  [0m] Started Dispatch Password Requests to Console Directory Watch.
[[0;32m  OK  [0m] Reached target Local File Systems (Pre).
[[0;32m  OK  [0m] Reached target Local File Systems.
         Starting Set console font and keymap...
         Starting LSB: AppArmor initialization...
         Starting Tell Plymouth To Write Out Runtime Data...
         Starting Create Volatile Files and Directories...
         Starting Commit a transient machine-id on disk...
[[0;32m  OK  [0m] Started Tell Plymouth To Write Out Runtime Data.
[[0;32m  OK  [0m] Started Commit a transient machine-id on disk.
[[0;32m  OK  [0m] Started Create Volatile Files and Directories.
[[0;32m  OK  [0m] Found device /dev/ttyS0.
[[0;32m  OK  [0m] Reached target System Time Synchronized.
         Starting Update UTMP about System Boot/Shutdown...
[[0;32m  OK  [0m] Started Update UTMP about System Boot/Shutdown.
[[0;32m  OK  [0m] Started Set console font and keymap.
[[0;32m  OK  [0m] Created slice system-getty.slice.
[[0;32m  OK  [0m] Listening on Load/Save RF Kill Switch Status /dev/rfkill Watch.
[[0;32m  OK  [0m] Started LSB: AppArmor initialization.
[   55.355136] cloud-init[444]: Cloud-init v. 17.1 running 'init-local' at Thu, 15 Feb 2018 23:10:13 +0000. Up 54.75 seconds.
[[0;32m  OK  [0m] Started Initial cloud-init job (pre-networking).
[[0;32m  OK  [0m] Reached target Network (Pre).
         Starting Raise network interfaces...
[[0;32m  OK  [0m] Started Raise network interfaces.
         Starting Initial cloud-init job (metadata service crawler)...
[[0;32m  OK  [0m] Reached target Network.
[   57.622081] cloud-init[932]: Cloud-init v. 17.1 running 'init' at Thu, 15 Feb 2018 23:10:14 +0000. Up 56.19 seconds.
[   57.690509] [[0;32m  OK  [0m] Started Initial cloud-init job (metadata service crawler).
cloud-init[[0;32m  OK  [0m] Reached target Cloud-config availability.
[[0;32m  OK  [0m] Reached target Network is Online.
[932]: ci-info: +++++++++++++++++++++++++++++++++++++Net device info++++++++++++++++++++++++++++++++++++++
         Starting iSCSI initiator daemon (iscsid)...
[[0;32m  OK  [0m] Reached target System Initialization.
[   57.733180] cloud-init[932]: ci-info: +--------+------+----------------------------+---------------+-------+-------------------+
[   57.758181] [[0;32m  OK  [0m] Started Timer to automatically refresh installed snaps.
cloud-init[932]: ci-info: | Device |  Up  |          Address           |      Mask     | Scope |     Hw-Address    |
[   57.759410] cloud-init[932]: ci-info: +--------+------+----------------------------+---------------+-------+-------------------+
[   57.759472] cloud-init[932]: ci-info: | enp0s3 | True |         10.0.2.15          | 255.255.255.0 |   .   | 02:66:2d:c5:e5:fb |
[   57.759527] cloud-init[932]: ci-info: | enp0s3 | True | fe80::66:2dff:fec5:e5fb/64 |       .       |  link | 02:66:2d:c5:e5:fb |
[   57.759580] cloud-init[932]: ci-info: |   lo   | True |         127.0.0.1          |   255.0.0.0   |   .   |         .         |
[   57.759634] cloud-init[932]: ci-info: |   lo   | True |          ::1/128           |       .       |  host |         .         |
[   57.759691] cloud-init[932]: ci-info: +--------+------+----------------------------+---------------+-------+-------------------+
[   57.759753] cloud-init[932]: ci-info: +++++++++++++++++++++++++++Route IPv4 info++++++++++++++++++++++++++++
[   57.759807] cloud-init[932]: ci-info: +-------+-------------+----------+---------------+-----------+-------+
[   57.759865] cloud-init[932]: ci-info: | Route | Destination | Gateway  |    Genmask    | Interface | Flags |
[   57.759920] cloud-init[932]: ci-info: +-------+-------------+----------+---------------+-----------+-------+
[   57.759974] cloud-init[932]: ci-info: |   0   |   0.0.0.0   | 10.0.2.2 |    0.0.0.0    |   enp0s3  |   UG  |
[   57.760027] cloud-init[932]: ci-info: |   1   |   10.0.2.0  | 0.0.0.0  | 255.255.255.0 |   enp0s3  |   U   |
[   57.760125] cloud-init[932]: ci-info: +-------+-------------+----------+---------------+-----------+-------+
[   57.760373] cloud-init[932]: Generating public/private rsa key pair.
[   57.760650] cloud-init[932]: Your identification has been saved in /etc/ssh/ssh_host_rsa_key.
[   57.760735] cloud-init[932]: Your public key has been saved in /etc/ssh/ssh_host_rsa_key.pub.
[   57.760790] cloud-init[932]: The key fingerprint is:
[   57.760844] cloud-init[932]: SHA256:Et2uYLRGK4iDbxhSak9Arb7dwZUPH5Wmaz+z0NKyugo root@ubuntu-xenial
[   57.760898] cloud-init[932]: The key's randomart image is:
[   57.760980] cloud-init[932]: +---[RSA 2048]----+
[   57.761054] cloud-init[932]: | ..         .    |
[   57.761107] cloud-init[932]: |.  .   . . +     |
[   57.761176] cloud-init[932]: | .o   + o =      |
[   57.761233] cloud-init[932]: |.=.. o B +       |
[   57.761288] cloud-init[932]: |O...o O S +      |
[   57.761342] cloud-init[932]: |o*o  * o *o      |
[   57.761411] cloud-init[932]: |. =E. . o+.o     |
[   57.761464] cloud-init[932]: | o ...    =+     |
[   57.761516] cloud-init[932]: |     ..oo. .+    |
[   57.761583] cloud-init[932]: +----[SHA256]-----+
[   57.761638] cloud-init[932]: Generating public/private dsa key pair.
[   57.761695] cloud-init[932]: Your identification has been  aved in /etc/ssh/ssh_host_dsa_key.
[   57.761748] cloud-init[932]: Your public key has been saved in /etc/ssh/ssh_host_dsa_key.pub.
[   57.761802] cloud-init[932]: The key fingerprint is:
[   57.761853] cloud-init[932]: SHA256:pH6YlGsupKXldgI1e+joW94ipOch7Jbw+mDBl5UruWI root@ubuntu-xenial
[[0;32m  OK  [0m] Started ACPI Events Check.
[[   57.761909] cloud-init[932]: The key's randomart image is:
[0;32m  OK  [0m] Reached target Paths.
[[   60.237059] cloud-init[932]: +---[DSA 1024]----+
[0;32m  OK  [0m] Listening on UUID daemon activation socket.
[   60.348993] cloud-init[932]: |                 |
[   60.428385] cloud-init[932]: |      .          |
[   60.428656] cloud-init[932]: |     o  .        |
[[0;32m  OK  [0m] Started Daily Cleanup of Temporary Directories.
[   60.428762] cloud-init[932]: |.   * .+         |
[   60.564396] cloud-init[932]: | o * =+ S        |
[   60.564792] cloud-init[932]: |o = Oo.+         |
[[0;32m  OK  [0m] Started Daily apt download activities.
[[   60.564919] cloud-init[932]: |+Eo%..* .        |
[0;32m  OK  [0m] Started Daily apt upgrade and clean activities.
         Starting Socket activation for snappy daemon.[   60.575069] cloud-init[932]: |==O+B+..         |
[   60.603564] cloud-init[932]: |oB=+.=o          |
[   60.603804] cloud-init[932]: +----[SHA256]-----+
[   60.604104] cloud-init[932]: Generating public/private ecdsa key pair.
[   60.604349] cloud-init[932]: Your identification has been saved in /etc/ssh/ssh_host_ecdsa_key.
[   60.604628] cloud-init[932]: Your public key has been saved in /etc/ssh/ssh_host_ecdsa_key.pub.
[   60.604889] cloud-init[932]: The key fingerprint is:
[   60.605127] cloud-init[932]: SHA256:CtktCnb3jRP/LWh4I2/HTFEnAEHjzufbpCF6Sq3prKY root@ubuntu-xenial
[   60.605353] cloud-init[932]: The key's randomart image is:
[   60.605606] cloud-init[932]: +---[ECDSA 256]---+
[   60.605870] cloud-init[932]: |         .=o..   |

[[   60.606112] cloud-init[932]: |         . .  o .|
[0;32m  OK  [0m] Listening on D-Bus System Message Bus Socket.[   60.805041] 
cloud-init[932]: |          .  . o |
[   60.916611] cloud-init[932]: |     o . o  .    |
[   60.916838] cloud-init[932]: |  o + + S o ..   |
         Starting LXD - unix socket.
[[   60.916947] cloud-init[932]: | . o + + * o.    |
[0;32m  OK  [0m] Reached target Timers.
[[   60.969186] cloud-init[932]: |    . . =.==o .  |
[0;32m  OK  [0m] Listening on ACPID Listen Socket.
[   61.052846] cloud-init[932]: |      .oo=Bo=B   |
[   61.180659] cloud-init[932]: |    Eo.oBO.o+.o  |
[   61.180906] cloud-init[932]: +----[SHA256]-----+
[[0;32m  OK  [0m] Listening on Socket activation for snappy daemon.
[[   61.180990] cloud-init[932]: Generating public/private ed25519 key pair.
[   61.247009] cloud-init[932]: Your identification has been saved in /etc/ssh/ssh_host_ed25519_key.
[0;32m  OK  [0m] Listening on LXD - unix socket.
[   61.247130] cloud-init[932]: Your public key has been saved in /etc/ssh/ssh_host_ed25519_key.pub.
[   61.352493] cloud-init[932]: The key fingerprint is:
[   61.352798] cloud-init[932]: SHA256:t7LEA6QnFVmeg1noxA8CDqwTr/EhELCByAYevvE+M9E root@ubuntu-xenial
[[0;32m  OK  [0m] Started iSCSI initiator daemon (iscsid).
[   61.352936] cloud-init[932]: The key's randomart image is:
[   61.472541] cloud-init[932]: +--[ED25519 256]--+
         Starting Login to default iSCSI targets...
[[   61.472881] cloud-init[932]: |&o.. ..+o        |
[   61.513752] cloud-init[932]: |BO. . ** .       |
[   61.513970] cloud-init[932]: |=*.  +=o+        |
[   61.514182] cloud-init[932]: |= * .+. ..       |
[   61.514454] cloud-init[932]: | B +oEo S .      |
[   61.514670] cloud-init[932]: |. o .o o . .     |
[   61.514914] cloud-init[932]: |   =    = .      |
[   61.515150] cloud-init[932]: |    +  . +       |
[   61.515376] cloud-init[932]: |        .        |
[0;32m  OK  [0m] Reached target Sockets.
[   61.515617] cloud-init[932]: +----[SHA256]-----+
[[0;32m  OK  [0m] Reached target Basic System.
[[0;32m  OK  [0m] Started Unattended Upgrades Shutdown.
         Starting Accounts Service...
[[0;32m  OK  [0m] Started FUSE filesystem for LXC.
         Starting System Logging Service...
         Starting LSB: Record successful boot for GRUB...
[[0;32m  OK  [0m] Started Deferred execution scheduler.
[[0;32m  OK  [0m] Started ACPI event daemon.
         Starting LXD - container startup/shutdown...
         Starting Apply the settings specified in cloud-config...
         Starting Pollinate to seed the pseudo random number generator...
         Starting LSB: MD monitoring daemon...
         Starting Login Service...
         Starting /etc/rc.local Compatibility...
[[0;32m  OK  [0m] Started Regular background program processing daemon.
         Starting Snappy daemon...
[[0;32m  OK  [0m] Started D-Bus System Message Bus.
[[0;32m  OK  [0m] Started System Logging Service.
[[0;32m  OK  [0m] Started /etc/rc.local Compatibility.
[   62.970309] cloud-init[1059]: Generating locales (this might take a while)...
[[0;32m  OK  [0m] Started Login Service.
         Starting Authenticate and Authorize Users to Run Privileged Tasks...
[[0;32m  OK  [0m] Started LSB: Record successful boot for GRUB.
[[0;32m  OK  [0m] Started Login to default iSCSI targets.
[[0;32m  OK  [0m] Reached target Remote File Systems (Pre).
[[0;32m  OK  [0m] Reached target Remote File Systems.
         Starting LSB: Set the CPU Frequency Scaling governor to "ondemand"...
         Starting LSB: automatic crash report generation...
         Starting LSB: VirtualBox Linux Additions...
         Starting Permit User Sessions...
         Starting LSB: daemon to balance interrupts for SMP systems...
[[0;32m  OK  [0m] Started LSB: MD monitoring daemon.
[[0;32m  OK  [0m] Started Permit User Sessions.
[[0;32m  OK  [0m] Started Authenticate and Authorize Users to Run Privileged Tasks.
[[0;32m  OK  [0m] Started Accounts Service.
[[0;32m  OK  [0m] Started LSB: Set the CPU Frequency Scaling governor to "ondemand".
[[0;32m  OK  [0m] Started LSB: automatic crash report generation.
         Starting Hold until boot process finishes up...
         Starting Terminate Plymouth Boot Screen...
[[0;32m  OK  [0m] Started LSB: daemon to balance interrupts for SMP systems.
[[0;32m  OK  [0m] Started Hold until boot process finishes up.
[[0;32m  OK  [0m] Started Terminate Plymouth Boot Screen.
[[0;32m  OK  [0m] Started Serial Getty on ttyS0.
[[0;32m  OK  [0m] Started Getty on tty1.
[[0;32m  OK  [0m] Reached target Login Prompts.
         Starting Set console scheme...
[[0;32m  OK  [0m] Started Set console scheme.
[[0;32m  OK  [0m] Started LSB: VirtualBox Linux Additions.
[[0;32m  OK  [0m] Started LXD - container startup/shutdown.
[[0;32m  OK  [0m] Started Snappy daemon.
[   64.935612] cloud-init[1059]:   en_US.UTF-8... done
[   64.960501] cloud-init[1059]: Generation complete.
[[0;32m  OK  [0m] Started Pollinate to seed the pseudo random number generator.
         Starting OpenBSD Secure Shell server...
[[0;32m  OK  [0m] Started OpenBSD Secure Shell server.
[[0;32m  OK  [0m] Reached target Multi-User System.
[[0;32m  OK  [0m] Reached target Graphical Interface.
         Starting Update UTMP about System Runlevel Changes...
[[0;32m  OK  [0m] Started Update UTMP about System Runlevel Changes.
[[0;32m  OK  [0m] Created slice User Slice of vagrant.
         Starting User Manager for UID 1000...
[[0;32m  OK  [0m] Started Session 1 of user vagrant.
[[0;32m  OK  [0m] Started User Manager for UID 1000.
[   67.112813] cloud-init[1059]: Cloud-init v. 17.1 running 'modules:config' at Thu, 15 Feb 2018 23:10:20 +0000. Up 62.26 seconds.
[[0;32m  OK  [0m] Started Apply the settings specified in cloud-config.
         Starting Execute cloud user/final scripts...
ci-info: no authorized ssh keys fingerprints found for user ubuntu.
<14>Feb 15 23:10:26 ec2: 
<14>Feb 15 23:10:26 ec2: #############################################################
<14>Feb 15 23:10:26 ec2: -----BEGIN SSH HOST KEY FINGERPRINTS-----
<14>Feb 15 23:10:26 ec2: 1024 SHA256:pH6YlGsupKXldgI1e+joW94ipOch7Jbw+mDBl5UruWI root@ubuntu-xenial (DSA)
<14>Feb 15 23:10:26 ec2: 256 SHA256:CtktCnb3jRP/LWh4I2/HTFEnAEHjzufbpCF6Sq3prKY root@ubuntu-xenial (ECDSA)
<14>Feb 15 23:10:26 ec2: 256 SHA256:t7LEA6QnFVmeg1noxA8CDqwTr/EhELCByAYevvE+M9E root@ubuntu-xenial (ED25519)
<14>Feb 15 23:10:26 ec2: 2048 SHA256:Et2uYLRGK4iDbxhSak9Arb7dwZUPH5Wmaz+z0NKyugo root@ubuntu-xenial (RSA)
<14>Feb 15 23:10:26 ec2: -----END SSH HOST KEY FINGERPRINTS-----
<14>Feb 15 23:10:26 ec2: #############################################################
-----BEGIN SSH HOST KEY KEYS-----
ecdsa-sha2-nistp256 AAAAE2VjZHNhLXNoYTItbmlzdHAyNTYAAAAIbmlzdHAyNTYAAABBBBtLKmoKb2LJ/kCMrx+ZCH3tLAqFdgDAsYaQBNZeGLoL+r0lKiZXBvw9gByZv5rudKqiQbzekyxARH2xKbFOOvM= root@ubuntu-xenial
ssh-ed25519 AAAAC3NzaC1lZDI1NTE5AAAAIBIOPvsdKm8s8qScn/d4mpmbd7NmcKDk5+ziepCZZxEP root@ubuntu-xenial
ssh-rsa AAAAB3NzaC1yc2EAAAADAQABAAABAQCysEJS4QgybYSv8qq7TL/WoEBbRMB2Q0cJqIh98rWIoylHlUz7H2igivbX6NsnrEWKQVgHKGO9c6cbmJpQoit20ZqXoE3qzw57xxvDBG81rnr8Or13o7MRKVCQZ0gwQhCXYa3yBuZ3alDYaevUTNRPjZ9D8nqTmbHyVL+RRQyaGHF9x2dulGx31BX4Rdp6pMm/gaoDU+RuGrLgC+pmbw2pIC4vovWMAy1aKj/uOkbX6dJ7L3VQaNp2P+7yMLrPKEamwe79XBwNyqzdH3jMvUTfJwIIDt/KV7970BeRrDZJLUQCPCOf4kX3tWodkaGF4D/seu6rhdAaSg8DExlV2ue3 root@ubuntu-xenial
-----END SSH HOST KEY KEYS-----
[   68.529742] cloud-init[1348]: Cloud-init v. 17.1 running 'modules:final' at Thu, 15 Feb 2018 23:10:26 +0000. Up 67.56 seconds.
[   68.575632] cloud-init[1348]: ci-info: no authorized ssh keys fingerprints found for user ubuntu.
[   68.676697] cloud-init[1348]: Cloud-init v. 17.1 finished at Thu, 15 Feb 2018 23:10:27 +0000. Datasource DataSourceNoCloud [seed=/dev/sdb][dsmode=net].  Up 68.52 seconds
[[0;32m  OK  [0m] Started Execute cloud user/final scripts.
[[0;32m  OK  [0m] Reached target Cloud-init target.

Ubuntu 16.04.3 LTS ubuntu-xenial ttyS0

ubuntu-xenial login: 